<?xml version="1.0" encoding="UTF-8"?>
<!-- Generated by org.testng.reporters.JUnitReportReporter -->
<testsuite hostname="PriyaMohan" failures="0" tests="2" name="testNg_Package.Remo" time="0.019" errors="0" timestamp="2023-11-28T12:14:03 IST" skipped="0">
  <testcase classname="testNg_Package.Remo" name="method1" time="0.009">
    <system-out>
      <![CDATA[Method1 from Remo class!!!]]>
    </system-out>
  </testcase> <!-- method1 -->
  <testcase classname="testNg_Package.Remo" name="method2" time="0.010">
    <system-out>
      <![CDATA[Method2 from Remo class!!!]]>
    </system-out>
  </testcase> <!-- method2 -->
  <system-out>
    <![CDATA[Method1 from Demo class!!!
Method2 from Demo class!!!
Method1 from Remo class!!!
Method2 from Remo class!!!
Method1 from sumo class
Method2 from sumo class]]>
  </system-out>
</testsuite> <!-- testNg_Package.Remo -->
