<?xml version="1.0" encoding="UTF-8"?>
<!-- Generated by org.testng.reporters.JUnitReportReporter -->
<testsuite hostname="PriyaMohan" failures="0" tests="1" name="testngExecutionPackage.SqlTest" time="14.006" errors="0" timestamp="2023-11-28T12:56:11 IST" skipped="0">
  <testcase classname="testngExecutionPackage.SqlTest" name="sql_method" time="14.006"/>
</testsuite> <!-- testngExecutionPackage.SqlTest -->
