<?xml version="1.0" encoding="UTF-8"?>
<!-- Generated by org.testng.reporters.JUnitReportReporter -->
<testsuite hostname="PriyaMohan" failures="0" tests="1" name="testngExecutionPackage.Selenium_method" time="11.390" errors="0" timestamp="2023-11-28T12:56:11 IST" skipped="0">
  <testcase classname="testngExecutionPackage.Selenium_method" name="sql_method" time="11.390"/>
</testsuite> <!-- testngExecutionPackage.Selenium_method -->
