<?xml version="1.0" encoding="UTF-8"?>
<!-- Generated by org.testng.reporters.JUnitReportReporter -->
<testsuite hostname="PriyaMohan" failures="0" tests="1" name="testngExecutionPackage.JavaTest" time="12.432" errors="0" timestamp="2023-11-28T12:56:11 IST" skipped="0">
  <testcase classname="testngExecutionPackage.JavaTest" name="java_method" time="12.432"/>
</testsuite> <!-- testngExecutionPackage.JavaTest -->
